<?xml version="1.0" encoding="UTF-8"?>
<robot generator="Robot 6.1.1 (Python 3.11.6 on darwin)" generated="20231203 18:35:01.080" rpa="false" schemaversion="4">
<suite id="s1" name="Api" source="/Users/nishansilva/Test_Automation/online-shop/TestSuites/api.robot">
<test id="s1-t1" name="POST /api/createAccount" line="13">
<kw name="Create Session" library="RequestsLibrary">
<arg>mysession</arg>
<arg>${URL}</arg>
<doc>Create Session: create a HTTP session to a server</doc>
<msg timestamp="20231203 18:35:01.247" level="INFO">Creating Session using : alias=mysession, url=https://automationexercise.com, headers={},                     cookies={}, auth=None, timeout=None, proxies=None, verify=False,                     debug=0 </msg>
<status status="PASS" starttime="20231203 18:35:01.246" endtime="20231203 18:35:01.247"/>
</kw>
<kw name="Get Variable Value" library="BuiltIn">
<var>${user_registration_success}</var>
<arg>${USER_REGISTRATION_SUCCESS}</arg>
<doc>Returns variable value or ``default`` if the variable does not exist.</doc>
<msg timestamp="20231203 18:35:01.247" level="INFO">${user_registration_success} = {'name': 'Nishan Silva', 'email': 'nishan@gmail.com', 'password': 'nishan@1', 'title': 'Mr', 'birth_date': '09', 'birth_month': '', 'birth_year': '1989', 'firstname': 'Nishan', 'lastname': 'Silva', 'c...</msg>
<status status="PASS" starttime="20231203 18:35:01.247" endtime="20231203 18:35:01.248"/>
</kw>
<kw name="Evaluate" library="BuiltIn">
<var>${body}</var>
<arg>$user_registration_success</arg>
<doc>Evaluates the given expression in Python and returns the result.</doc>
<msg timestamp="20231203 18:35:01.250" level="INFO">${body} = {'name': 'Nishan Silva', 'email': 'nishan@gmail.com', 'password': 'nishan@1', 'title': 'Mr', 'birth_date': '09', 'birth_month': '', 'birth_year': '1989', 'firstname': 'Nishan', 'lastname': 'Silva', 'c...</msg>
<status status="PASS" starttime="20231203 18:35:01.248" endtime="20231203 18:35:01.250"/>
</kw>
<kw name="Create Dictionary" library="BuiltIn">
<var>${header}</var>
<arg>Content-Type=application/json</arg>
<doc>Creates and returns a dictionary based on the given ``items``.</doc>
<msg timestamp="20231203 18:35:01.251" level="INFO">${header} = {'Content-Type': 'application/json'}</msg>
<status status="PASS" starttime="20231203 18:35:01.251" endtime="20231203 18:35:01.251"/>
</kw>
<kw name="POST" library="RequestsLibrary">
<var>${response}</var>
<arg>${URL}/api/createAccount</arg>
<arg>data=${body}</arg>
<doc>Sends a POST request.</doc>
<msg timestamp="20231203 18:35:02.206" level="INFO">POST Request : url=https://automationexercise.com/api/createAccount 
 path_url=/api/createAccount 
 headers={'User-Agent': 'python-requests/2.31.0', 'Accept-Encoding': 'gzip, deflate', 'Accept': '*/*', 'Connection': 'keep-alive', 'Content-Length': '291', 'Content-Type': 'application/x-www-form-urlencoded'} 
 body=name=Nishan+Silva&amp;email=nishan%40gmail.com&amp;password=nishan%401&amp;title=Mr&amp;birth_date=09&amp;birth_month=&amp;birth_year=1989&amp;firstname=Nishan&amp;lastname=Silva&amp;company=Nishan+%28PVT%29+Ltd&amp;address1=YO-Kyla+32+A+01&amp;address2=&amp;country=&amp;zipcode=20540&amp;state=Los+angeles&amp;city=California&amp;mobile_number=041123456 
 </msg>
<msg timestamp="20231203 18:35:02.206" level="INFO">POST Response : url=https://automationexercise.com/api/createAccount 
 status=200, reason=OK 
 headers={'Date': 'Sun, 03 Dec 2023 16:35:02 GMT', 'Content-Type': 'text/html; charset=utf-8', 'Transfer-Encoding': 'chunked', 'Connection': 'keep-alive', 'vary': 'Accept,Cookie,Accept-Encoding', 'referrer-policy': 'same-origin', 'x-frame-options': 'DENY', 'x-content-type-options': 'nosniff', 'allow': 'POST, OPTIONS', 'x-powered-by': 'Phusion Passenger 6.0.7', 'status': '200 OK', 'CF-Cache-Status': 'DYNAMIC', 'Report-To': '{"endpoints":[{"url":"https:\\/\\/a.nel.cloudflare.com\\/report\\/v3?s=s3vk2I2WQlgCf%2FCoebEhA91De%2FahHC1D4NEiTugP9g39dQRistDsSIrPmuw4jShmxNJm8rSvMgeODROD67228MZUHKeePZgU2z0RSBCjqjYrruuRqu8e7OwnyFp2GlTJD5a26w6NwNuh"}],"group":"cf-nel","max_age":604800}', 'NEL': '{"success_fraction":0,"report_to":"cf-nel","max_age":604800}', 'Server': 'cloudflare', 'CF-RAY': '82fd386e0b6ad999-HEL', 'Content-Encoding': 'gzip', 'alt-svc': 'h3=":443"; ma=86400'} 
 body={"responseCode": 201, "message": "User created!"} 
 </msg>
<msg timestamp="20231203 18:35:02.206" level="INFO">${response} = &lt;Response [200]&gt;</msg>
<status status="PASS" starttime="20231203 18:35:01.251" endtime="20231203 18:35:02.206"/>
</kw>
<kw name="Log To Console" library="BuiltIn">
<arg>${response.status_code}</arg>
<doc>Logs the given message to the console.</doc>
<status status="PASS" starttime="20231203 18:35:02.207" endtime="20231203 18:35:02.208"/>
</kw>
<kw name="Log To Console" library="BuiltIn">
<arg>${response.content}</arg>
<doc>Logs the given message to the console.</doc>
<status status="PASS" starttime="20231203 18:35:02.208" endtime="20231203 18:35:02.209"/>
</kw>
<kw name="Log To Console" library="BuiltIn">
<arg>${response.headers}</arg>
<doc>Logs the given message to the console.</doc>
<status status="PASS" starttime="20231203 18:35:02.209" endtime="20231203 18:35:02.210"/>
</kw>
<kw name="Convert To String" library="BuiltIn">
<var>${status_code}</var>
<arg>${response.status_code}</arg>
<doc>Converts the given item to a Unicode string.</doc>
<msg timestamp="20231203 18:35:02.211" level="INFO">${status_code} = 200</msg>
<status status="PASS" starttime="20231203 18:35:02.211" endtime="20231203 18:35:02.212"/>
</kw>
<kw name="Should Be Equal" library="BuiltIn">
<arg>${status_code}</arg>
<arg>200</arg>
<doc>Fails if the given objects are unequal.</doc>
<status status="PASS" starttime="20231203 18:35:02.212" endtime="20231203 18:35:02.212"/>
</kw>
<status status="PASS" starttime="20231203 18:35:01.246" endtime="20231203 18:35:02.212"/>
</test>
<test id="s1-t2" name="PUT /api/updateAccount" line="27">
<kw name="Create Session" library="RequestsLibrary">
<arg>mysession</arg>
<arg>${URL}</arg>
<doc>Create Session: create a HTTP session to a server</doc>
<msg timestamp="20231203 18:35:02.213" level="INFO">Creating Session using : alias=mysession, url=https://automationexercise.com, headers={},                     cookies={}, auth=None, timeout=None, proxies=None, verify=False,                     debug=0 </msg>
<status status="PASS" starttime="20231203 18:35:02.213" endtime="20231203 18:35:02.213"/>
</kw>
<kw name="Get Variable Value" library="BuiltIn">
<var>${update_user_details}</var>
<arg>${UPDATE_USER_DETAILS}</arg>
<doc>Returns variable value or ``default`` if the variable does not exist.</doc>
<msg timestamp="20231203 18:35:02.214" level="INFO">${update_user_details} = {'name': 'NishanS', 'email': 'nishan@gmail.com', 'password': 'nishan@1', 'title': 'Mr', 'birth_date': '10', 'birth_month': '', 'birth_year': '1990', 'firstname': 'Nishaan', 'lastname': 'Silvaa', 'comp...</msg>
<status status="PASS" starttime="20231203 18:35:02.213" endtime="20231203 18:35:02.214"/>
</kw>
<kw name="Evaluate" library="BuiltIn">
<var>${body}</var>
<arg>$update_user_details</arg>
<doc>Evaluates the given expression in Python and returns the result.</doc>
<msg timestamp="20231203 18:35:02.214" level="INFO">${body} = {'name': 'NishanS', 'email': 'nishan@gmail.com', 'password': 'nishan@1', 'title': 'Mr', 'birth_date': '10', 'birth_month': '', 'birth_year': '1990', 'firstname': 'Nishaan', 'lastname': 'Silvaa', 'comp...</msg>
<status status="PASS" starttime="20231203 18:35:02.214" endtime="20231203 18:35:02.214"/>
</kw>
<kw name="Create Dictionary" library="BuiltIn">
<var>${header}</var>
<arg>Content-Type=application/json</arg>
<doc>Creates and returns a dictionary based on the given ``items``.</doc>
<msg timestamp="20231203 18:35:02.215" level="INFO">${header} = {'Content-Type': 'application/json'}</msg>
<status status="PASS" starttime="20231203 18:35:02.214" endtime="20231203 18:35:02.215"/>
</kw>
<kw name="PUT" library="RequestsLibrary">
<var>${response}</var>
<arg>${URL}/api/updateAccount</arg>
<arg>data=${body}</arg>
<doc>Sends a PUT request.</doc>
<msg timestamp="20231203 18:35:03.439" level="INFO">PUT Request : url=https://automationexercise.com/api/updateAccount 
 path_url=/api/updateAccount 
 headers={'User-Agent': 'python-requests/2.31.0', 'Accept-Encoding': 'gzip, deflate', 'Accept': '*/*', 'Connection': 'keep-alive', 'Content-Length': '273', 'Content-Type': 'application/x-www-form-urlencoded'} 
 body=name=NishanS&amp;email=nishan%40gmail.com&amp;password=nishan%401&amp;title=Mr&amp;birth_date=10&amp;birth_month=&amp;birth_year=1990&amp;firstname=Nishaan&amp;lastname=Silvaa&amp;company=NishanS+%28PVT%29+Ltd&amp;address1=YO-Kyla&amp;address2=&amp;country=&amp;zipcode=53430&amp;state=Turku&amp;city=Finland&amp;mobile_number=0514723240 
 </msg>
<msg timestamp="20231203 18:35:03.439" level="INFO">PUT Response : url=https://automationexercise.com/api/updateAccount 
 status=200, reason=OK 
 headers={'Date': 'Sun, 03 Dec 2023 16:35:03 GMT', 'Content-Type': 'text/html; charset=utf-8', 'Transfer-Encoding': 'chunked', 'Connection': 'keep-alive', 'vary': 'Accept,Cookie,Accept-Encoding', 'referrer-policy': 'same-origin', 'x-frame-options': 'DENY', 'x-content-type-options': 'nosniff', 'allow': 'OPTIONS, PUT', 'x-powered-by': 'Phusion Passenger 6.0.7', 'status': '200 OK', 'CF-Cache-Status': 'DYNAMIC', 'Report-To': '{"endpoints":[{"url":"https:\\/\\/a.nel.cloudflare.com\\/report\\/v3?s=1XmIrAhhRx9GdXNCAbjgkqdRuAi7D2vFX1EhzSfkUkSKEqrDf1nv0IJW0ROaS805kEnfncVCSz5BU9gvzAk6566Om9lWyyKjQ8%2BaCFoZvIUtlS9m6klXhVCpGbB8BwvTEqZ8AKDQcIB2"}],"group":"cf-nel","max_age":604800}', 'NEL': '{"success_fraction":0,"report_to":"cf-nel","max_age":604800}', 'Server': 'cloudflare', 'CF-RAY': '82fd3873be16b500-OSL', 'Content-Encoding': 'gzip', 'alt-svc': 'h3=":443"; ma=86400'} 
 body={"responseCode": 200, "message": "User updated!"} 
 </msg>
<msg timestamp="20231203 18:35:03.439" level="INFO">${response} = &lt;Response [200]&gt;</msg>
<status status="PASS" starttime="20231203 18:35:02.215" endtime="20231203 18:35:03.439"/>
</kw>
<kw name="Log To Console" library="BuiltIn">
<arg>${response.status_code}</arg>
<doc>Logs the given message to the console.</doc>
<status status="PASS" starttime="20231203 18:35:03.439" endtime="20231203 18:35:03.440"/>
</kw>
<kw name="Log To Console" library="BuiltIn">
<arg>${response.content}</arg>
<doc>Logs the given message to the console.</doc>
<status status="PASS" starttime="20231203 18:35:03.440" endtime="20231203 18:35:03.441"/>
</kw>
<kw name="Log To Console" library="BuiltIn">
<arg>${response.headers}</arg>
<doc>Logs the given message to the console.</doc>
<status status="PASS" starttime="20231203 18:35:03.441" endtime="20231203 18:35:03.441"/>
</kw>
<kw name="Convert To String" library="BuiltIn">
<var>${status_code}</var>
<arg>${response.status_code}</arg>
<doc>Converts the given item to a Unicode string.</doc>
<msg timestamp="20231203 18:35:03.442" level="INFO">${status_code} = 200</msg>
<status status="PASS" starttime="20231203 18:35:03.442" endtime="20231203 18:35:03.442"/>
</kw>
<kw name="Should Be Equal" library="BuiltIn">
<arg>${status_code}</arg>
<arg>200</arg>
<doc>Fails if the given objects are unequal.</doc>
<status status="PASS" starttime="20231203 18:35:03.442" endtime="20231203 18:35:03.442"/>
</kw>
<status status="PASS" starttime="20231203 18:35:02.212" endtime="20231203 18:35:03.442"/>
</test>
<test id="s1-t3" name="GET /api/productsList" line="41">
<kw name="Create Session" library="RequestsLibrary">
<arg>mysession</arg>
<arg>${URL}</arg>
<doc>Create Session: create a HTTP session to a server</doc>
<msg timestamp="20231203 18:35:03.443" level="INFO">Creating Session using : alias=mysession, url=https://automationexercise.com, headers={},                     cookies={}, auth=None, timeout=None, proxies=None, verify=False,                     debug=0 </msg>
<status status="PASS" starttime="20231203 18:35:03.443" endtime="20231203 18:35:03.443"/>
</kw>
<kw name="Create Dictionary" library="BuiltIn">
<var>${header}</var>
<arg>Content-Type=application/json</arg>
<doc>Creates and returns a dictionary based on the given ``items``.</doc>
<msg timestamp="20231203 18:35:03.443" level="INFO">${header} = {'Content-Type': 'application/json'}</msg>
<status status="PASS" starttime="20231203 18:35:03.443" endtime="20231203 18:35:03.443"/>
</kw>
<kw name="GET" library="RequestsLibrary">
<var>${response}</var>
<arg>${URL}/api/productsList</arg>
<doc>Sends a GET request.</doc>
<msg timestamp="20231203 18:35:04.480" level="INFO">GET Request : url=https://automationexercise.com/api/productsList 
 path_url=/api/productsList 
 headers={'User-Agent': 'python-requests/2.31.0', 'Accept-Encoding': 'gzip, deflate', 'Accept': '*/*', 'Connection': 'keep-alive'} 
 body=None 
 </msg>
<msg timestamp="20231203 18:35:04.480" level="INFO">GET Response : url=https://automationexercise.com/api/productsList 
 status=200, reason=OK 
 headers={'Date': 'Sun, 03 Dec 2023 16:35:04 GMT', 'Content-Type': 'text/html; charset=utf-8', 'Transfer-Encoding': 'chunked', 'Connection': 'keep-alive', 'vary': 'Accept,Cookie,Accept-Encoding', 'referrer-policy': 'same-origin', 'x-frame-options': 'DENY', 'x-content-type-options': 'nosniff', 'allow': 'DELETE, OPTIONS, PUT, GET, POST', 'x-powered-by': 'Phusion Passenger 6.0.7', 'status': '200 OK', 'CF-Cache-Status': 'DYNAMIC', 'Report-To': '{"endpoints":[{"url":"https:\\/\\/a.nel.cloudflare.com\\/report\\/v3?s=JW9ixo%2BMkMYDSaPF5ewmlAe9edyhdmOe96F%2BWsDgh7kVCL8QdZ2hpFFlvS2r0Qvlnzs3gi2R8YW8u0Zi6bj1JIGuxqn4Yiv9cvyb6MpBiogN0lObIbAMvGi2NQDs7v3yiQyUyBBbUiIe"}],"group":"cf-nel","max_age":604800}', 'NEL': '{"success_fraction":0,"report_to":"cf-nel","max_age":604800}', 'Server': 'cloudflare', 'CF-RAY': '82fd387b5af05691-OSL', 'Content-Encoding': 'gzip', 'alt-svc': 'h3=":443"; ma=86400'} 
 body={"responseCode": 200, "products": [{"id": 1, "name": "Blue Top", "price": "Rs. 500", "brand": "Polo", "category": {"usertype": {"usertype": "Women"}, "category": "Tops"}}, {"id": 2, "name": "Men Tshirt", "price": "Rs. 400", "brand": "H&amp;M", "category": {"usertype": {"usertype": "Men"}, "category": "Tshirts"}}, {"id": 3, "name": "Sleeveless Dress", "price": "Rs. 1000", "brand": "Madame", "category": {"usertype": {"usertype": "Women"}, "category": "Dress"}}, {"id": 4, "name": "Stylish Dress", "price": "Rs. 1500", "brand": "Madame", "category": {"usertype": {"usertype": "Women"}, "category": "Dress"}}, {"id": 5, "name": "Winter Top", "price": "Rs. 600", "brand": "Mast &amp; Harbour", "category": {"usertype": {"usertype": "Women"}, "category": "Tops"}}, {"id": 6, "name": "Summer White Top", "price": "Rs. 400", "brand": "H&amp;M", "category": {"usertype": {"usertype": "Women"}, "category": "Tops"}}, {"id": 7, "name": "Madame Top For Women", "price": "Rs. 1000", "brand": "Madame", "category": {"usertype": {"usertype": "Women"}, "category": "Tops"}}, {"id": 8, "name": "Fancy Green Top", "price": "Rs. 700", "brand": "Polo", "category": {"usertype": {"usertype": "Women"}, "category": "Tops"}}, {"id": 11, "name": "Sleeves Printed Top - White", "price": "Rs. 499", "brand": "Babyhug", "category": {"usertype": {"usertype": "Kids"}, "category": "Tops &amp; Shirts"}}, {"id": 12, "name": "Half Sleeves Top Schiffli Detailing - Pink", "price": "Rs. 359", "brand": "Babyhug", "category": {"usertype": {"usertype": "Kids"}, "category": "Tops &amp; Shirts"}}, {"id": 13, "name": "Frozen Tops For Kids", "price": "Rs. 278", "brand": "Allen Solly Junior", "category": {"usertype": {"usertype": "Kids"}, "category": "Tops &amp; Shirts"}}, {"id": 14, "name": "Full Sleeves Top Cherry - Pink", "price": "Rs. 679", "brand": "Kookie Kids", "category": {"usertype": {"usertype": "Kids"}, "category": "Tops &amp; Shirts"}}, {"id": 15, "name": "Printed Off Shoulder Top - White", "price": "Rs. 315", "brand": "Babyhug", "category": {"usertype": {"usertype": "Kids"}, "category": "Tops &amp; Shirts"}}, {"id": 16, "name": "Sleeves Top and Short - Blue &amp; Pink", "price": "Rs. 478", "brand": "Babyhug", "category": {"usertype": {"usertype": "Kids"}, "category": "Dress"}}, {"id": 18, "name": "Little Girls Mr. Panda Shirt", "price": "Rs. 1200", "brand": "Kookie Kids", "category": {"usertype": {"usertype": "Kids"}, "category": "Tops &amp; Shirts"}}, {"id": 19, "name": "Sleeveless Unicorn Patch Gown - Pink", "price": "Rs. 1050", "brand": "Allen Solly Junior", "category": {"usertype": {"usertype": "Kids"}, "category": "Dress"}}, {"id": 20, "name": "Cotton Mull Embroidered Dress", "price": "Rs. 1190", "brand": "Kookie Kids", "category": {"usertype": {"usertype": "Kids"}, "category": "Dress"}}, {"id": 21, "name": "Blue Cotton Indie Mickey Dress", "price": "Rs. 1530", "brand": "Biba", "category": {"usertype": {"usertype": "Kids"}, "category": "Dress"}}, {"id": 22, "name": "Long Maxi Tulle Fancy Dress Up Outfits -Pink", "price": "Rs. 1600", "brand": "Biba", "category": {"usertype": {"usertype": "Kids"}, "category": "Dress"}}, {"id": 23, "name": "Sleeveless Unicorn Print Fit &amp; Flare Net Dress - Multi", "price": "Rs. 1100", "brand": "Biba", "category": {"usertype": {"usertype": "Kids"}, "category": "Dress"}}, {"id": 24, "name": "Colour Blocked Shirt \u2013 Sky Blue", "price": "Rs. 849", "brand": "Allen Solly Junior", "category": {"usertype": {"usertype": "Kids"}, "category": "Tops &amp; Shirts"}}, {"id": 28, "name": "Pure Cotton V-Neck T-Shirt", "price": "Rs. 1299", "brand": "H&amp;M", "category": {"usertype": {"usertype": "Men"}, "category": "Tshirts"}}, {"id": 29, "name": "Green Side Placket Detail T-Shirt", "price": "Rs. 1000", "brand": "Polo", "category": {"usertype": {"usertype": "Men"}, "category": "Tshirts"}}, {"id": 30, "name": "Premium Polo T-Shirts", "price": "Rs. 1500", "brand": "Polo", "category": {"usertype": {"usertype": "Men"}, "category": "Tshirts"}}, {"id": 31, "name": "Pure Cotton Neon Green Tshirt", "price": "Rs. 850", "brand": "H&amp;M", "category": {"usertype": {"usertype": "Men"}, "category": "Tshirts"}}, {"id": 33, "name": "Soft Stretch Jeans", "price": "Rs. 799", "brand": "Polo", "category": {"usertype": {"usertype": "Men"}, "category": "Jeans"}}, {"id": 35, "name": "Regular Fit Straight Jeans", "price": "Rs. 1200", "brand": "H&amp;M", "category": {"usertype": {"usertype": "Men"}, "category": "Jeans"}}, {"id": 37, "name": "Grunt Blue Slim Fit Jeans", "price": "Rs. 1400", "brand": "Polo", "category": {"usertype": {"usertype": "Men"}, "category": "Jeans"}}, {"id": 38, "name": "Rose Pink Embroidered Maxi Dress", "price": "Rs. 2300", "brand": "Madame", "category": {"usertype": {"usertype": "Women"}, "category": "Dress"}}, {"id": 39, "name": "Cotton Silk Hand Block Print Saree", "price": "Rs. 3000", "brand": "Biba", "category": {"usertype": {"usertype": "Women"}, "category": "Saree"}}, {"id": 40, "name": "Rust Red Linen Saree", "price": "Rs. 3500", "brand": "Biba", "category": {"usertype": {"usertype": "Women"}, "category": "Saree"}}, {"id": 41, "name": "Beautiful Peacock Blue Cotton Linen Saree", "price": "Rs. 5000", "brand": "Madame", "category": {"usertype": {"usertype": "Women"}, "category": "Saree"}}, {"id": 42, "name": "Lace Top For Women", "price": "Rs. 1400", "brand": "Mast &amp; Harbour", "category": {"usertype": {"usertype": "Women"}, "category": "Tops"}}, {"id": 43, "name": "GRAPHIC DESIGN MEN T SHIRT - BLUE", "price": "Rs. 1389", "brand": "Mast &amp; Harbour", "category": {"usertype": {"usertype": "Men"}, "category": "Tshirts"}}]} 
 </msg>
<msg timestamp="20231203 18:35:04.480" level="INFO">${response} = &lt;Response [200]&gt;</msg>
<status status="PASS" starttime="20231203 18:35:03.444" endtime="20231203 18:35:04.480"/>
</kw>
<kw name="Log To Console" library="BuiltIn">
<arg>${response.status_code}</arg>
<doc>Logs the given message to the console.</doc>
<status status="PASS" starttime="20231203 18:35:04.480" endtime="20231203 18:35:04.481"/>
</kw>
<kw name="Log To Console" library="BuiltIn">
<arg>${response.content}</arg>
<doc>Logs the given message to the console.</doc>
<status status="PASS" starttime="20231203 18:35:04.481" endtime="20231203 18:35:04.482"/>
</kw>
<kw name="Log To Console" library="BuiltIn">
<arg>${response.headers}</arg>
<doc>Logs the given message to the console.</doc>
<status status="PASS" starttime="20231203 18:35:04.482" endtime="20231203 18:35:04.482"/>
</kw>
<kw name="Convert To String" library="BuiltIn">
<var>${status_code}</var>
<arg>${response.status_code}</arg>
<doc>Converts the given item to a Unicode string.</doc>
<msg timestamp="20231203 18:35:04.483" level="INFO">${status_code} = 200</msg>
<status status="PASS" starttime="20231203 18:35:04.483" endtime="20231203 18:35:04.483"/>
</kw>
<kw name="Should Be Equal" library="BuiltIn">
<arg>${status_code}</arg>
<arg>200</arg>
<doc>Fails if the given objects are unequal.</doc>
<status status="PASS" starttime="20231203 18:35:04.483" endtime="20231203 18:35:04.483"/>
</kw>
<status status="PASS" starttime="20231203 18:35:03.443" endtime="20231203 18:35:04.483"/>
</test>
<test id="s1-t4" name=" POST /api/Search Product" line="53">
<kw name="Create Session" library="RequestsLibrary">
<arg>mysession</arg>
<arg>${URL}</arg>
<doc>Create Session: create a HTTP session to a server</doc>
<msg timestamp="20231203 18:35:04.484" level="INFO">Creating Session using : alias=mysession, url=https://automationexercise.com, headers={},                     cookies={}, auth=None, timeout=None, proxies=None, verify=False,                     debug=0 </msg>
<status status="PASS" starttime="20231203 18:35:04.484" endtime="20231203 18:35:04.484"/>
</kw>
<kw name="Create Dictionary" library="BuiltIn">
<var>${body}</var>
<arg>search_product=top</arg>
<doc>Creates and returns a dictionary based on the given ``items``.</doc>
<msg timestamp="20231203 18:35:04.485" level="INFO">${body} = {'search_product': 'top'}</msg>
<status status="PASS" starttime="20231203 18:35:04.484" endtime="20231203 18:35:04.485"/>
</kw>
<kw name="Create Dictionary" library="BuiltIn">
<var>${header}</var>
<arg>Content-Type=application/json</arg>
<doc>Creates and returns a dictionary based on the given ``items``.</doc>
<msg timestamp="20231203 18:35:04.485" level="INFO">${header} = {'Content-Type': 'application/json'}</msg>
<status status="PASS" starttime="20231203 18:35:04.485" endtime="20231203 18:35:04.485"/>
</kw>
<kw name="POST" library="RequestsLibrary">
<var>${response}</var>
<arg>${URL}/api/searchProduct</arg>
<arg>data=${body}</arg>
<doc>Sends a POST request.</doc>
<msg timestamp="20231203 18:35:05.500" level="INFO">POST Request : url=https://automationexercise.com/api/searchProduct 
 path_url=/api/searchProduct 
 headers={'User-Agent': 'python-requests/2.31.0', 'Accept-Encoding': 'gzip, deflate', 'Accept': '*/*', 'Connection': 'keep-alive', 'Content-Length': '18', 'Content-Type': 'application/x-www-form-urlencoded'} 
 body=search_product=top 
 </msg>
<msg timestamp="20231203 18:35:05.500" level="INFO">POST Response : url=https://automationexercise.com/api/searchProduct 
 status=200, reason=OK 
 headers={'Date': 'Sun, 03 Dec 2023 16:35:05 GMT', 'Content-Type': 'text/html; charset=utf-8', 'Transfer-Encoding': 'chunked', 'Connection': 'keep-alive', 'vary': 'Accept,Cookie,Accept-Encoding', 'referrer-policy': 'same-origin', 'x-frame-options': 'DENY', 'x-content-type-options': 'nosniff', 'allow': 'DELETE, OPTIONS, PUT, GET, POST', 'x-powered-by': 'Phusion Passenger 6.0.7', 'status': '200 OK', 'CF-Cache-Status': 'DYNAMIC', 'Report-To': '{"endpoints":[{"url":"https:\\/\\/a.nel.cloudflare.com\\/report\\/v3?s=HIJN9w4hnPuXL0o1KV5Mwt6nGUonRT97kCkm1S%2F8KM9gPF6aILvXKJ9GDVNKQs%2FtdvGBVo51DJRU71zvljk6UhGvaKXb7M8SG9lOnhc5Vo%2FBOw%2B3WEtpQq2%2FER6fINFFo8vDk%2FFE0VYe"}],"group":"cf-nel","max_age":604800}', 'NEL': '{"success_fraction":0,"report_to":"cf-nel","max_age":604800}', 'Server': 'cloudflare', 'CF-RAY': '82fd3881eebb0afa-OSL', 'Content-Encoding': 'gzip', 'alt-svc': 'h3=":443"; ma=86400'} 
 body={"responseCode": 200, "products": [{"id": 1, "name": "Blue Top", "price": "Rs. 500", "brand": "Polo", "category": {"usertype": {"usertype": "Women"}, "category": "Tops"}}, {"id": 5, "name": "Winter Top", "price": "Rs. 600", "brand": "Mast &amp; Harbour", "category": {"usertype": {"usertype": "Women"}, "category": "Tops"}}, {"id": 6, "name": "Summer White Top", "price": "Rs. 400", "brand": "H&amp;M", "category": {"usertype": {"usertype": "Women"}, "category": "Tops"}}, {"id": 7, "name": "Madame Top For Women", "price": "Rs. 1000", "brand": "Madame", "category": {"usertype": {"usertype": "Women"}, "category": "Tops"}}, {"id": 8, "name": "Fancy Green Top", "price": "Rs. 700", "brand": "Polo", "category": {"usertype": {"usertype": "Women"}, "category": "Tops"}}, {"id": 11, "name": "Sleeves Printed Top - White", "price": "Rs. 499", "brand": "Babyhug", "category": {"usertype": {"usertype": "Kids"}, "category": "Tops &amp; Shirts"}}, {"id": 12, "name": "Half Sleeves Top Schiffli Detailing - Pink", "price": "Rs. 359", "brand": "Babyhug", "category": {"usertype": {"usertype": "Kids"}, "category": "Tops &amp; Shirts"}}, {"id": 13, "name": "Frozen Tops For Kids", "price": "Rs. 278", "brand": "Allen Solly Junior", "category": {"usertype": {"usertype": "Kids"}, "category": "Tops &amp; Shirts"}}, {"id": 14, "name": "Full Sleeves Top Cherry - Pink", "price": "Rs. 679", "brand": "Kookie Kids", "category": {"usertype": {"usertype": "Kids"}, "category": "Tops &amp; Shirts"}}, {"id": 15, "name": "Printed Off Shoulder Top - White", "price": "Rs. 315", "brand": "Babyhug", "category": {"usertype": {"usertype": "Kids"}, "category": "Tops &amp; Shirts"}}, {"id": 16, "name": "Sleeves Top and Short - Blue &amp; Pink", "price": "Rs. 478", "brand": "Babyhug", "category": {"usertype": {"usertype": "Kids"}, "category": "Dress"}}, {"id": 18, "name": "Little Girls Mr. Panda Shirt", "price": "Rs. 1200", "brand": "Kookie Kids", "category": {"usertype": {"usertype": "Kids"}, "category": "Tops &amp; Shirts"}}, {"id": 24, "name": "Colour Blocked Shirt \u2013 Sky Blue", "price": "Rs. 849", "brand": "Allen Solly Junior", "category": {"usertype": {"usertype": "Kids"}, "category": "Tops &amp; Shirts"}}, {"id": 42, "name": "Lace Top For Women", "price": "Rs. 1400", "brand": "Mast &amp; Harbour", "category": {"usertype": {"usertype": "Women"}, "category": "Tops"}}]} 
 </msg>
<msg timestamp="20231203 18:35:05.500" level="INFO">${response} = &lt;Response [200]&gt;</msg>
<status status="PASS" starttime="20231203 18:35:04.485" endtime="20231203 18:35:05.500"/>
</kw>
<kw name="Log To Console" library="BuiltIn">
<arg>${response.status_code}</arg>
<doc>Logs the given message to the console.</doc>
<status status="PASS" starttime="20231203 18:35:05.500" endtime="20231203 18:35:05.501"/>
</kw>
<kw name="Log To Console" library="BuiltIn">
<arg>${response.content}</arg>
<doc>Logs the given message to the console.</doc>
<status status="PASS" starttime="20231203 18:35:05.501" endtime="20231203 18:35:05.502"/>
</kw>
<kw name="Log To Console" library="BuiltIn">
<arg>${response.headers}</arg>
<doc>Logs the given message to the console.</doc>
<status status="PASS" starttime="20231203 18:35:05.502" endtime="20231203 18:35:05.502"/>
</kw>
<kw name="Convert To String" library="BuiltIn">
<var>${status_code}</var>
<arg>${response.status_code}</arg>
<doc>Converts the given item to a Unicode string.</doc>
<msg timestamp="20231203 18:35:05.503" level="INFO">${status_code} = 200</msg>
<status status="PASS" starttime="20231203 18:35:05.502" endtime="20231203 18:35:05.503"/>
</kw>
<kw name="Should Be Equal" library="BuiltIn">
<arg>${status_code}</arg>
<arg>200</arg>
<doc>Fails if the given objects are unequal.</doc>
<status status="PASS" starttime="20231203 18:35:05.503" endtime="20231203 18:35:05.505"/>
</kw>
<status status="PASS" starttime="20231203 18:35:04.484" endtime="20231203 18:35:05.505"/>
</test>
<test id="s1-t5" name="GET /api/getUserDetailByEmail" line="66">
<kw name="Create Session" library="RequestsLibrary">
<arg>mysession</arg>
<arg>${URL}</arg>
<doc>Create Session: create a HTTP session to a server</doc>
<msg timestamp="20231203 18:35:05.506" level="INFO">Creating Session using : alias=mysession, url=https://automationexercise.com, headers={},                     cookies={}, auth=None, timeout=None, proxies=None, verify=False,                     debug=0 </msg>
<status status="PASS" starttime="20231203 18:35:05.506" endtime="20231203 18:35:05.506"/>
</kw>
<kw name="Get Variable Value" library="BuiltIn">
<var>${email}</var>
<arg>${EMAIL}</arg>
<doc>Returns variable value or ``default`` if the variable does not exist.</doc>
<msg timestamp="20231203 18:35:05.507" level="INFO">${email} = nishan@gmail.com</msg>
<status status="PASS" starttime="20231203 18:35:05.506" endtime="20231203 18:35:05.507"/>
</kw>
<kw name="Create Dictionary" library="BuiltIn">
<var>${params}</var>
<arg>email=${email}</arg>
<doc>Creates and returns a dictionary based on the given ``items``.</doc>
<msg timestamp="20231203 18:35:05.507" level="INFO">${params} = {'email': 'nishan@gmail.com'}</msg>
<status status="PASS" starttime="20231203 18:35:05.507" endtime="20231203 18:35:05.507"/>
</kw>
<kw name="GET" library="RequestsLibrary">
<var>${response}</var>
<arg>url=${URL}/api/getUserDetailByEmail</arg>
<arg>params=${params}</arg>
<doc>Sends a GET request.</doc>
<msg timestamp="20231203 18:35:05.792" level="INFO">GET Request : url=https://automationexercise.com/api/getUserDetailByEmail?email=nishan%40gmail.com 
 path_url=/api/getUserDetailByEmail?email=nishan%40gmail.com 
 headers={'User-Agent': 'python-requests/2.31.0', 'Accept-Encoding': 'gzip, deflate', 'Accept': '*/*', 'Connection': 'keep-alive'} 
 body=None 
 </msg>
<msg timestamp="20231203 18:35:05.792" level="INFO">GET Response : url=https://automationexercise.com/api/getUserDetailByEmail?email=nishan%40gmail.com 
 status=200, reason=OK 
 headers={'Date': 'Sun, 03 Dec 2023 16:35:05 GMT', 'Content-Type': 'text/html; charset=utf-8', 'Transfer-Encoding': 'chunked', 'Connection': 'keep-alive', 'vary': 'Accept,Cookie,Accept-Encoding', 'referrer-policy': 'same-origin', 'x-frame-options': 'DENY', 'x-content-type-options': 'nosniff', 'allow': 'DELETE, OPTIONS, PUT, GET, POST', 'x-powered-by': 'Phusion Passenger 6.0.7', 'status': '200 OK', 'CF-Cache-Status': 'DYNAMIC', 'Report-To': '{"endpoints":[{"url":"https:\\/\\/a.nel.cloudflare.com\\/report\\/v3?s=nwkDTnU809D6Phr8vg7DGrNQVJbvIqB%2FGdfxiTni9NnCeSFzkTwz86%2FOsK%2F9kxkoeW9Pf2ZLm%2B0e85ebhe%2FH23gRDDwf%2BtyZTweDftCDGNII49TwEVJT0pYbDFVIJUK0stb%2BBvdK3ybM"}],"group":"cf-nel","max_age":604800}', 'NEL': '{"success_fraction":0,"report_to":"cf-nel","max_age":604800}', 'Server': 'cloudflare', 'CF-RAY': '82fd388848700b61-OSL', 'Content-Encoding': 'gzip', 'alt-svc': 'h3=":443"; ma=86400'} 
 body={"responseCode": 200, "user": {"id": 190439, "name": "NishanS", "email": "nishan@gmail.com", "title": "Mr", "birth_day": "10", "birth_month": "", "birth_year": "1990", "first_name": "Nishaan", "last_name": "Silvaa", "company": "NishanS (PVT) Ltd", "address1": "YO-Kyla", "address2": "", "country": "", "state": "Turku", "city": "Finland", "zipcode": "53430"}} 
 </msg>
<msg timestamp="20231203 18:35:05.792" level="INFO">${response} = &lt;Response [200]&gt;</msg>
<status status="PASS" starttime="20231203 18:35:05.507" endtime="20231203 18:35:05.792"/>
</kw>
<kw name="Log To Console" library="BuiltIn">
<arg>${response.status_code}</arg>
<doc>Logs the given message to the console.</doc>
<status status="PASS" starttime="20231203 18:35:05.792" endtime="20231203 18:35:05.793"/>
</kw>
<kw name="Log To Console" library="BuiltIn">
<arg>${response.content}</arg>
<doc>Logs the given message to the console.</doc>
<status status="PASS" starttime="20231203 18:35:05.793" endtime="20231203 18:35:05.794"/>
</kw>
<kw name="Log To Console" library="BuiltIn">
<arg>${response.headers}</arg>
<doc>Logs the given message to the console.</doc>
<status status="PASS" starttime="20231203 18:35:05.794" endtime="20231203 18:35:05.794"/>
</kw>
<kw name="Convert To String" library="BuiltIn">
<var>${status_code}</var>
<arg>${response.status_code}</arg>
<doc>Converts the given item to a Unicode string.</doc>
<msg timestamp="20231203 18:35:05.795" level="INFO">${status_code} = 200</msg>
<status status="PASS" starttime="20231203 18:35:05.794" endtime="20231203 18:35:05.795"/>
</kw>
<kw name="Should Be Equal" library="BuiltIn">
<arg>${status_code}</arg>
<arg>200</arg>
<doc>Fails if the given objects are unequal.</doc>
<status status="PASS" starttime="20231203 18:35:05.795" endtime="20231203 18:35:05.795"/>
</kw>
<status status="PASS" starttime="20231203 18:35:05.506" endtime="20231203 18:35:05.795"/>
</test>
<test id="s1-t6" name="DELETE /api/deleteAccount" line="79">
<kw name="Create Session" library="RequestsLibrary">
<arg>mysession</arg>
<arg>${URL}</arg>
<doc>Create Session: create a HTTP session to a server</doc>
<msg timestamp="20231203 18:35:05.796" level="INFO">Creating Session using : alias=mysession, url=https://automationexercise.com, headers={},                     cookies={}, auth=None, timeout=None, proxies=None, verify=False,                     debug=0 </msg>
<status status="PASS" starttime="20231203 18:35:05.796" endtime="20231203 18:35:05.796"/>
</kw>
<kw name="Get Variable Value" library="BuiltIn">
<var>${delete_user}</var>
<arg>${DELETE_USER}</arg>
<doc>Returns variable value or ``default`` if the variable does not exist.</doc>
<msg timestamp="20231203 18:35:05.796" level="INFO">${delete_user} = {'email': 'nishan@gmail.com', 'password': 'nishan@1'}</msg>
<status status="PASS" starttime="20231203 18:35:05.796" endtime="20231203 18:35:05.796"/>
</kw>
<kw name="Evaluate" library="BuiltIn">
<var>${body}</var>
<arg>$delete_user</arg>
<doc>Evaluates the given expression in Python and returns the result.</doc>
<msg timestamp="20231203 18:35:05.796" level="INFO">${body} = {'email': 'nishan@gmail.com', 'password': 'nishan@1'}</msg>
<status status="PASS" starttime="20231203 18:35:05.796" endtime="20231203 18:35:05.797"/>
</kw>
<kw name="Create Dictionary" library="BuiltIn">
<var>${header}</var>
<arg>Content-Type=application/json</arg>
<doc>Creates and returns a dictionary based on the given ``items``.</doc>
<msg timestamp="20231203 18:35:05.797" level="INFO">${header} = {'Content-Type': 'application/json'}</msg>
<status status="PASS" starttime="20231203 18:35:05.797" endtime="20231203 18:35:05.797"/>
</kw>
<kw name="DELETE" library="RequestsLibrary">
<var>${response}</var>
<arg>${URL}/api/deleteAccount</arg>
<arg>data=${body}</arg>
<doc>Sends a DELETE request.</doc>
<msg timestamp="20231203 18:35:06.707" level="INFO">DELETE Request : url=https://automationexercise.com/api/deleteAccount 
 path_url=/api/deleteAccount 
 headers={'User-Agent': 'python-requests/2.31.0', 'Accept-Encoding': 'gzip, deflate', 'Accept': '*/*', 'Connection': 'keep-alive', 'Content-Length': '44', 'Content-Type': 'application/x-www-form-urlencoded'} 
 body=email=nishan%40gmail.com&amp;password=nishan%401 
 </msg>
<msg timestamp="20231203 18:35:06.707" level="INFO">DELETE Response : url=https://automationexercise.com/api/deleteAccount 
 status=200, reason=OK 
 headers={'Date': 'Sun, 03 Dec 2023 16:35:06 GMT', 'Content-Type': 'text/html; charset=utf-8', 'Transfer-Encoding': 'chunked', 'Connection': 'keep-alive', 'vary': 'Accept,Cookie,Accept-Encoding', 'referrer-policy': 'same-origin', 'x-frame-options': 'DENY', 'x-content-type-options': 'nosniff', 'allow': 'DELETE, OPTIONS', 'x-powered-by': 'Phusion Passenger 6.0.7', 'status': '200 OK', 'CF-Cache-Status': 'DYNAMIC', 'Report-To': '{"endpoints":[{"url":"https:\\/\\/a.nel.cloudflare.com\\/report\\/v3?s=TiJJBtp1ekQI2EKPhjlhPJn7ZFC2YVYdz8ks74nF7a89nuFsuo0JW7Rldmm%2BiXcl5XUjZRUUqo6v3GpT0Q5hVeQLPNTduVazTCadyUUFNCWmIR4Nb8I84RS3336qUUcDEBGhabEaYEg0"}],"group":"cf-nel","max_age":604800}', 'NEL': '{"success_fraction":0,"report_to":"cf-nel","max_age":604800}', 'Server': 'cloudflare', 'CF-RAY': '82fd388a0a6c4c84-HEL', 'Content-Encoding': 'gzip', 'alt-svc': 'h3=":443"; ma=86400'} 
 body={"responseCode": 200, "message": "Account deleted!"} 
 </msg>
<msg timestamp="20231203 18:35:06.707" level="INFO">${response} = &lt;Response [200]&gt;</msg>
<status status="PASS" starttime="20231203 18:35:05.797" endtime="20231203 18:35:06.707"/>
</kw>
<kw name="Log To Console" library="BuiltIn">
<arg>${response.status_code}</arg>
<doc>Logs the given message to the console.</doc>
<status status="PASS" starttime="20231203 18:35:06.708" endtime="20231203 18:35:06.708"/>
</kw>
<kw name="Log To Console" library="BuiltIn">
<arg>${response.content}</arg>
<doc>Logs the given message to the console.</doc>
<status status="PASS" starttime="20231203 18:35:06.708" endtime="20231203 18:35:06.709"/>
</kw>
<kw name="Log To Console" library="BuiltIn">
<arg>${response.headers}</arg>
<doc>Logs the given message to the console.</doc>
<status status="PASS" starttime="20231203 18:35:06.709" endtime="20231203 18:35:06.709"/>
</kw>
<kw name="Convert To String" library="BuiltIn">
<var>${status_code}</var>
<arg>${response.status_code}</arg>
<doc>Converts the given item to a Unicode string.</doc>
<msg timestamp="20231203 18:35:06.710" level="INFO">${status_code} = 200</msg>
<status status="PASS" starttime="20231203 18:35:06.709" endtime="20231203 18:35:06.710"/>
</kw>
<kw name="Should Be Equal" library="BuiltIn">
<arg>${status_code}</arg>
<arg>200</arg>
<doc>Fails if the given objects are unequal.</doc>
<status status="PASS" starttime="20231203 18:35:06.719" endtime="20231203 18:35:06.719"/>
</kw>
<status status="PASS" starttime="20231203 18:35:05.795" endtime="20231203 18:35:06.719"/>
</test>
<doc>Test Product API of the backend</doc>
<status status="PASS" starttime="20231203 18:35:01.081" endtime="20231203 18:35:06.720"/>
</suite>
<statistics>
<total>
<stat pass="6" fail="0" skip="0">All Tests</stat>
</total>
<tag>
</tag>
<suite>
<stat pass="6" fail="0" skip="0" id="s1" name="Api">Api</stat>
</suite>
</statistics>
<errors>
</errors>
</robot>
